<?xml version="1.0" encoding="UTF-8"?>
<!-- Generated by org.testng.reporters.JUnitXMLReporter -->
<testsuite ignored="0" hostname="Ved" failures="0" tests="10" name="Default test" time="18.003" errors="0" timestamp="2025-03-06T13:55:28 IST">
  <testcase classname="telecomProject.Telecom" name="addNewUser" time="3.73"/>
  <testcase classname="telecomProject.Telecom" name="getUserProfile" time="1.405"/>
  <testcase classname="telecomProject.Telecom" name="updateUser" time="1.492"/>
  <testcase classname="telecomProject.Telecom" name="loginUser" time="1.684"/>
  <testcase classname="telecomProject.Telecom" name="addContact" time="1.395"/>
  <testcase classname="telecomProject.Telecom" name="getContactList" time="1.39"/>
  <testcase classname="telecomProject.Telecom" name="getContact" time="1.41"/>
  <testcase classname="telecomProject.Telecom" name="updateContact" time="2.611"/>
  <testcase classname="telecomProject.Telecom" name="updateContactPartial" time="1.376"/>
  <testcase classname="telecomProject.Telecom" name="logoutUser" time="1.453"/>
</testsuite> <!-- Default test -->
