<?xml version="1.0" encoding="UTF-8"?>
<!-- Generated by org.testng.reporters.JUnitXMLReporter -->
<testsuite ignored="0" hostname="Ved" failures="0" tests="10" name="Default test" time="16.403" errors="0" timestamp="2025-03-06T16:47:37 IST">
  <testcase classname="telecomProject.Telecom" name="addNewUser" time="3.308"/>
  <testcase classname="telecomProject.Telecom" name="getUserProfile" time="1.436"/>
  <testcase classname="telecomProject.Telecom" name="updateUser" time="1.424"/>
  <testcase classname="telecomProject.Telecom" name="loginUser" time="1.648"/>
  <testcase classname="telecomProject.Telecom" name="addContact" time="1.595"/>
  <testcase classname="telecomProject.Telecom" name="getContactList" time="1.351"/>
  <testcase classname="telecomProject.Telecom" name="getContact" time="1.394"/>
  <testcase classname="telecomProject.Telecom" name="updateContact" time="1.427"/>
  <testcase classname="telecomProject.Telecom" name="updateContactPartial" time="1.39"/>
  <testcase classname="telecomProject.Telecom" name="logoutUser" time="1.379"/>
</testsuite> <!-- Default test -->
