<?xml version="1.0" encoding="UTF-8"?>
<testng-results ignored="0" total="10" passed="10" failed="0" skipped="0">
  <reporter-output>
  </reporter-output>
  <suite started-at="2025-03-06T13:55:10 IST" name="Default suite" finished-at="2025-03-06T13:55:28 IST" duration-ms="18003">
    <groups>
    </groups>
    <test started-at="2025-03-06T13:55:10 IST" name="Default test" finished-at="2025-03-06T13:55:28 IST" duration-ms="18003">
      <class name="telecomProject.Telecom">
        <test-method signature="addNewUser()[pri:1, instance:telecomProject.Telecom@1b7cc17c]" started-at="2025-03-06T13:55:10 IST" name="addNewUser" finished-at="2025-03-06T13:55:14 IST" duration-ms="3730" status="PASS">
          <reporter-output>
          </reporter-output>
        </test-method> <!-- addNewUser -->
        <test-method signature="getUserProfile()[pri:2, instance:telecomProject.Telecom@1b7cc17c]" started-at="2025-03-06T13:55:14 IST" name="getUserProfile" finished-at="2025-03-06T13:55:15 IST" duration-ms="1405" status="PASS">
          <reporter-output>
          </reporter-output>
        </test-method> <!-- getUserProfile -->
        <test-method signature="updateUser()[pri:3, instance:telecomProject.Telecom@1b7cc17c]" started-at="2025-03-06T13:55:15 IST" name="updateUser" finished-at="2025-03-06T13:55:16 IST" duration-ms="1492" status="PASS">
          <reporter-output>
          </reporter-output>
        </test-method> <!-- updateUser -->
        <test-method signature="loginUser()[pri:4, instance:telecomProject.Telecom@1b7cc17c]" started-at="2025-03-06T13:55:16 IST" name="loginUser" finished-at="2025-03-06T13:55:18 IST" duration-ms="1684" status="PASS">
          <reporter-output>
          </reporter-output>
        </test-method> <!-- loginUser -->
        <test-method signature="addContact()[pri:5, instance:telecomProject.Telecom@1b7cc17c]" started-at="2025-03-06T13:55:18 IST" name="addContact" finished-at="2025-03-06T13:55:20 IST" duration-ms="1395" status="PASS">
          <reporter-output>
          </reporter-output>
        </test-method> <!-- addContact -->
        <test-method signature="getContactList()[pri:6, instance:telecomProject.Telecom@1b7cc17c]" started-at="2025-03-06T13:55:20 IST" name="getContactList" finished-at="2025-03-06T13:55:21 IST" duration-ms="1390" status="PASS">
          <reporter-output>
          </reporter-output>
        </test-method> <!-- getContactList -->
        <test-method signature="getContact()[pri:7, instance:telecomProject.Telecom@1b7cc17c]" started-at="2025-03-06T13:55:21 IST" name="getContact" finished-at="2025-03-06T13:55:22 IST" duration-ms="1410" status="PASS">
          <reporter-output>
          </reporter-output>
        </test-method> <!-- getContact -->
        <test-method signature="updateContact()[pri:8, instance:telecomProject.Telecom@1b7cc17c]" started-at="2025-03-06T13:55:22 IST" name="updateContact" finished-at="2025-03-06T13:55:25 IST" duration-ms="2611" status="PASS">
          <reporter-output>
          </reporter-output>
        </test-method> <!-- updateContact -->
        <test-method signature="updateContactPartial()[pri:9, instance:telecomProject.Telecom@1b7cc17c]" started-at="2025-03-06T13:55:25 IST" name="updateContactPartial" finished-at="2025-03-06T13:55:26 IST" duration-ms="1376" status="PASS">
          <reporter-output>
          </reporter-output>
        </test-method> <!-- updateContactPartial -->
        <test-method signature="logoutUser()[pri:10, instance:telecomProject.Telecom@1b7cc17c]" started-at="2025-03-06T13:55:26 IST" name="logoutUser" finished-at="2025-03-06T13:55:28 IST" duration-ms="1453" status="PASS">
          <reporter-output>
          </reporter-output>
        </test-method> <!-- logoutUser -->
      </class> <!-- telecomProject.Telecom -->
    </test> <!-- Default test -->
  </suite> <!-- Default suite -->
</testng-results>
