<?xml version="1.0" encoding="UTF-8"?>
<testng-results ignored="0" total="10" passed="10" failed="0" skipped="0">
  <reporter-output>
  </reporter-output>
  <suite started-at="2025-03-06T16:47:21 IST" name="Default suite" finished-at="2025-03-06T16:47:37 IST" duration-ms="16403">
    <groups>
    </groups>
    <test started-at="2025-03-06T16:47:21 IST" name="Default test" finished-at="2025-03-06T16:47:37 IST" duration-ms="16403">
      <class name="telecomProject.Telecom">
        <test-method is-config="true" signature="setupExtent()[pri:0, instance:telecomProject.Telecom@77c2494c]" started-at="2025-03-06T16:47:21 IST" name="setupExtent" finished-at="2025-03-06T16:47:21 IST" duration-ms="147" status="PASS">
          <reporter-output>
          </reporter-output>
        </test-method> <!-- setupExtent -->
        <test-method signature="addNewUser()[pri:1, instance:telecomProject.Telecom@77c2494c]" started-at="2025-03-06T16:47:21 IST" name="addNewUser" finished-at="2025-03-06T16:47:24 IST" duration-ms="3308" status="PASS">
          <reporter-output>
          </reporter-output>
        </test-method> <!-- addNewUser -->
        <test-method is-config="true" signature="logTestResults(org.testng.ITestResult)[pri:0, instance:telecomProject.Telecom@77c2494c]" started-at="2025-03-06T16:47:24 IST" name="logTestResults" finished-at="2025-03-06T16:47:24 IST" duration-ms="6" status="PASS">
          <params>
            <param index="0">
              <value>
                <![CDATA[[TestResult name=addNewUser status=SUCCESS method=Telecom.addNewUser()[pri:1, instance:telecomProject.Telecom@77c2494c] output={null}]]]>
              </value>
            </param>
          </params>
          <reporter-output>
          </reporter-output>
        </test-method> <!-- logTestResults -->
        <test-method signature="getUserProfile()[pri:2, instance:telecomProject.Telecom@77c2494c]" started-at="2025-03-06T16:47:24 IST" name="getUserProfile" finished-at="2025-03-06T16:47:26 IST" duration-ms="1436" status="PASS">
          <reporter-output>
          </reporter-output>
        </test-method> <!-- getUserProfile -->
        <test-method is-config="true" signature="logTestResults(org.testng.ITestResult)[pri:0, instance:telecomProject.Telecom@77c2494c]" started-at="2025-03-06T16:47:26 IST" name="logTestResults" finished-at="2025-03-06T16:47:26 IST" duration-ms="1" status="PASS">
          <params>
            <param index="0">
              <value>
                <![CDATA[[TestResult name=getUserProfile status=SUCCESS method=Telecom.getUserProfile()[pri:2, instance:telecomProject.Telecom@77c2494c] output={null}]]]>
              </value>
            </param>
          </params>
          <reporter-output>
          </reporter-output>
        </test-method> <!-- logTestResults -->
        <test-method signature="updateUser()[pri:3, instance:telecomProject.Telecom@77c2494c]" started-at="2025-03-06T16:47:26 IST" name="updateUser" finished-at="2025-03-06T16:47:27 IST" duration-ms="1424" status="PASS">
          <reporter-output>
          </reporter-output>
        </test-method> <!-- updateUser -->
        <test-method is-config="true" signature="logTestResults(org.testng.ITestResult)[pri:0, instance:telecomProject.Telecom@77c2494c]" started-at="2025-03-06T16:47:27 IST" name="logTestResults" finished-at="2025-03-06T16:47:27 IST" duration-ms="3" status="PASS">
          <params>
            <param index="0">
              <value>
                <![CDATA[[TestResult name=updateUser status=SUCCESS method=Telecom.updateUser()[pri:3, instance:telecomProject.Telecom@77c2494c] output={null}]]]>
              </value>
            </param>
          </params>
          <reporter-output>
          </reporter-output>
        </test-method> <!-- logTestResults -->
        <test-method signature="loginUser()[pri:4, instance:telecomProject.Telecom@77c2494c]" started-at="2025-03-06T16:47:27 IST" name="loginUser" finished-at="2025-03-06T16:47:29 IST" duration-ms="1648" status="PASS">
          <reporter-output>
          </reporter-output>
        </test-method> <!-- loginUser -->
        <test-method is-config="true" signature="logTestResults(org.testng.ITestResult)[pri:0, instance:telecomProject.Telecom@77c2494c]" started-at="2025-03-06T16:47:29 IST" name="logTestResults" finished-at="2025-03-06T16:47:29 IST" duration-ms="1" status="PASS">
          <params>
            <param index="0">
              <value>
                <![CDATA[[TestResult name=loginUser status=SUCCESS method=Telecom.loginUser()[pri:4, instance:telecomProject.Telecom@77c2494c] output={null}]]]>
              </value>
            </param>
          </params>
          <reporter-output>
          </reporter-output>
        </test-method> <!-- logTestResults -->
        <test-method signature="addContact()[pri:5, instance:telecomProject.Telecom@77c2494c]" started-at="2025-03-06T16:47:29 IST" name="addContact" finished-at="2025-03-06T16:47:30 IST" duration-ms="1595" status="PASS">
          <reporter-output>
          </reporter-output>
        </test-method> <!-- addContact -->
        <test-method is-config="true" signature="logTestResults(org.testng.ITestResult)[pri:0, instance:telecomProject.Telecom@77c2494c]" started-at="2025-03-06T16:47:30 IST" name="logTestResults" finished-at="2025-03-06T16:47:30 IST" duration-ms="1" status="PASS">
          <params>
            <param index="0">
              <value>
                <![CDATA[[TestResult name=addContact status=SUCCESS method=Telecom.addContact()[pri:5, instance:telecomProject.Telecom@77c2494c] output={null}]]]>
              </value>
            </param>
          </params>
          <reporter-output>
          </reporter-output>
        </test-method> <!-- logTestResults -->
        <test-method signature="getContactList()[pri:6, instance:telecomProject.Telecom@77c2494c]" started-at="2025-03-06T16:47:30 IST" name="getContactList" finished-at="2025-03-06T16:47:32 IST" duration-ms="1351" status="PASS">
          <reporter-output>
          </reporter-output>
        </test-method> <!-- getContactList -->
        <test-method signature="getContact()[pri:7, instance:telecomProject.Telecom@77c2494c]" started-at="2025-03-06T16:47:32 IST" name="getContact" finished-at="2025-03-06T16:47:33 IST" duration-ms="1394" status="PASS">
          <reporter-output>
          </reporter-output>
        </test-method> <!-- getContact -->
        <test-method is-config="true" signature="logTestResults(org.testng.ITestResult)[pri:0, instance:telecomProject.Telecom@77c2494c]" started-at="2025-03-06T16:47:32 IST" name="logTestResults" finished-at="2025-03-06T16:47:32 IST" duration-ms="0" status="PASS">
          <params>
            <param index="0">
              <value>
                <![CDATA[[TestResult name=getContactList status=SUCCESS method=Telecom.getContactList()[pri:6, instance:telecomProject.Telecom@77c2494c] output={null}]]]>
              </value>
            </param>
          </params>
          <reporter-output>
          </reporter-output>
        </test-method> <!-- logTestResults -->
        <test-method signature="updateContact()[pri:8, instance:telecomProject.Telecom@77c2494c]" started-at="2025-03-06T16:47:33 IST" name="updateContact" finished-at="2025-03-06T16:47:35 IST" duration-ms="1427" status="PASS">
          <reporter-output>
          </reporter-output>
        </test-method> <!-- updateContact -->
        <test-method is-config="true" signature="logTestResults(org.testng.ITestResult)[pri:0, instance:telecomProject.Telecom@77c2494c]" started-at="2025-03-06T16:47:33 IST" name="logTestResults" finished-at="2025-03-06T16:47:33 IST" duration-ms="0" status="PASS">
          <params>
            <param index="0">
              <value>
                <![CDATA[[TestResult name=getContact status=SUCCESS method=Telecom.getContact()[pri:7, instance:telecomProject.Telecom@77c2494c] output={null}]]]>
              </value>
            </param>
          </params>
          <reporter-output>
          </reporter-output>
        </test-method> <!-- logTestResults -->
        <test-method signature="updateContactPartial()[pri:9, instance:telecomProject.Telecom@77c2494c]" started-at="2025-03-06T16:47:35 IST" name="updateContactPartial" finished-at="2025-03-06T16:47:36 IST" duration-ms="1390" status="PASS">
          <reporter-output>
          </reporter-output>
        </test-method> <!-- updateContactPartial -->
        <test-method is-config="true" signature="logTestResults(org.testng.ITestResult)[pri:0, instance:telecomProject.Telecom@77c2494c]" started-at="2025-03-06T16:47:35 IST" name="logTestResults" finished-at="2025-03-06T16:47:35 IST" duration-ms="0" status="PASS">
          <params>
            <param index="0">
              <value>
                <![CDATA[[TestResult name=updateContact status=SUCCESS method=Telecom.updateContact()[pri:8, instance:telecomProject.Telecom@77c2494c] output={null}]]]>
              </value>
            </param>
          </params>
          <reporter-output>
          </reporter-output>
        </test-method> <!-- logTestResults -->
        <test-method is-config="true" signature="logTestResults(org.testng.ITestResult)[pri:0, instance:telecomProject.Telecom@77c2494c]" started-at="2025-03-06T16:47:36 IST" name="logTestResults" finished-at="2025-03-06T16:47:36 IST" duration-ms="0" status="PASS">
          <params>
            <param index="0">
              <value>
                <![CDATA[[TestResult name=updateContactPartial status=SUCCESS method=Telecom.updateContactPartial()[pri:9, instance:telecomProject.Telecom@77c2494c] output={null}]]]>
              </value>
            </param>
          </params>
          <reporter-output>
          </reporter-output>
        </test-method> <!-- logTestResults -->
        <test-method signature="logoutUser()[pri:10, instance:telecomProject.Telecom@77c2494c]" started-at="2025-03-06T16:47:36 IST" name="logoutUser" finished-at="2025-03-06T16:47:37 IST" duration-ms="1379" status="PASS">
          <reporter-output>
          </reporter-output>
        </test-method> <!-- logoutUser -->
        <test-method is-config="true" signature="logTestResults(org.testng.ITestResult)[pri:0, instance:telecomProject.Telecom@77c2494c]" started-at="2025-03-06T16:47:37 IST" name="logTestResults" finished-at="2025-03-06T16:47:37 IST" duration-ms="0" status="PASS">
          <params>
            <param index="0">
              <value>
                <![CDATA[[TestResult name=logoutUser status=SUCCESS method=Telecom.logoutUser()[pri:10, instance:telecomProject.Telecom@77c2494c] output={null}]]]>
              </value>
            </param>
          </params>
          <reporter-output>
          </reporter-output>
        </test-method> <!-- logTestResults -->
        <test-method is-config="true" signature="tearDown()[pri:0, instance:telecomProject.Telecom@77c2494c]" started-at="2025-03-06T16:47:37 IST" name="tearDown" finished-at="2025-03-06T16:47:38 IST" duration-ms="191" status="PASS">
          <reporter-output>
          </reporter-output>
        </test-method> <!-- tearDown -->
      </class> <!-- telecomProject.Telecom -->
    </test> <!-- Default test -->
  </suite> <!-- Default suite -->
</testng-results>
